<?xml version="1.0" encoding="UTF-8"?>
<!-- Generated by org.testng.reporters.JUnitReportReporter -->
<testsuite hostname="DESKTOP-SVOAT2G" failures="0" tests="1" name="code.EMICalculator" time="15.777" errors="0" timestamp="2021-06-23T17:07:43 IST" skipped="0">
  <testcase classname="code.EMICalculator" name="calculateEmi" time="15.777"/>
  <system-out/>
</testsuite> <!-- code.EMICalculator -->
